<?xml version="1.0" encoding="UTF-8"?>
<testng-results ignored="0" total="2" passed="2" failed="0" skipped="0">
  <reporter-output>
  </reporter-output>
  <suite started-at="2025-10-17T12:56:13 IST" name="Suite" finished-at="2025-10-17T12:56:16 IST" duration-ms="3608">
    <groups>
    </groups>
    <test started-at="2025-10-17T12:56:13 IST" name="TestB" finished-at="2025-10-17T12:56:16 IST" duration-ms="3594">
      <class name="datadriventesting.ActitimeLogin">
        <test-method signature="demoLogin(java.lang.String,java.lang.String,java.lang.String)[pri:0, instance:datadriventesting.ActitimeLogin@5acf93bb]" started-at="2025-10-17T12:56:13 IST" name="demoLogin" finished-at="2025-10-17T12:56:16 IST" duration-ms="3554" status="PASS">
          <params>
            <param index="0">
              <value>
                <![CDATA[http://localhost/login.do]]>
              </value>
            </param>
            <param index="1">
              <value>
                <![CDATA[manager]]>
              </value>
            </param>
            <param index="2">
              <value>
                <![CDATA[admin]]>
              </value>
            </param>
          </params>
          <reporter-output>
          </reporter-output>
        </test-method> <!-- demoLogin -->
      </class> <!-- datadriventesting.ActitimeLogin -->
    </test> <!-- TestB -->
    <test started-at="2025-10-17T12:56:13 IST" name="TestA" finished-at="2025-10-17T12:56:16 IST" duration-ms="3608">
      <class name="datadriventesting.ActitimeLogin">
        <test-method signature="demoLogin(java.lang.String,java.lang.String,java.lang.String)[pri:0, instance:datadriventesting.ActitimeLogin@1cbb87f3]" started-at="2025-10-17T12:56:13 IST" name="demoLogin" finished-at="2025-10-17T12:56:16 IST" duration-ms="3572" status="PASS">
          <params>
            <param index="0">
              <value>
                <![CDATA[http://localhost/login.do]]>
              </value>
            </param>
            <param index="1">
              <value>
                <![CDATA[admin]]>
              </value>
            </param>
            <param index="2">
              <value>
                <![CDATA[manager]]>
              </value>
            </param>
          </params>
          <reporter-output>
          </reporter-output>
        </test-method> <!-- demoLogin -->
      </class> <!-- datadriventesting.ActitimeLogin -->
    </test> <!-- TestA -->
  </suite> <!-- Suite -->
</testng-results>
